IChunkBase at 00C23B58
Attempting to load base C:\Program Files\SkanerOnline\mksbase0.dat
ID 16842752
   2005
Attempting to load base C:\Program Files\SkanerOnline\mksbase1.dat
ID 50397184
   2010
Attempting to load base C:\Program Files\SkanerOnline\mksbase2.dat
ID 83951616
   2006
ID 84017152
   2006
Attempting to load base C:\Program Files\SkanerOnline\mksbase3.dat
ID 16973824
   2005
ID 17039360
   2005
Attempting to load base C:\Program Files\SkanerOnline\mksbase4.dat
ID 50462720
   2010
Attempting to load base C:\Program Files\SkanerOnline\mksbase5.dat
ID 67174400
   2006
Attempting to load base C:\Program Files\SkanerOnline\mksbase6.dat
ID 34668544
   2006
ID 34734080
   2005
Attempting to load base C:\Program Files\SkanerOnline\mksbase7.dat
ID 34799616
   2006
ID 34865152
   2004
Attempting to load base C:\Program Files\SkanerOnline\mksbase8.dat
ID 34930688
   2006
ID 34996224
   2005
Attempting to load base C:\Program Files\SkanerOnline\mksbase9.dat
ID 35061760
   2006
ID 35127296
   2005
Attempting to load base C:\Program Files\SkanerOnline\mksbasea.dat
ID 35192832
   2006
ID 35258368
   2005
Attempting to load base C:\Program Files\SkanerOnline\mksbaseb.dat
ID 100728832
   2006
Attempting to load base C:\Program Files\SkanerOnline\mksbasec.dat
ID 16908288
   2006
Attempting to load base C:\Program Files\SkanerOnline\mksbased.dat
ID 50528256
   2006
Attempting to load base C:\Program Files\SkanerOnline\mksbasee.dat
ID 50593792
   2011
Attempting to load base C:\Program Files\SkanerOnline\mksbasef.dat
No chunks loaded!
Attempting to load base C:\Program Files\SkanerOnline\mksbaseg.dat
ID 50724864
   2008
Attempting to load base C:\Program Files\SkanerOnline\mksbaseh.dat
ID 50790400
   2011
Attempting to load base C:\Program Files\SkanerOnline\mksbasei.dat
ID 117506048
   2006
Attempting to load base C:\Program Files\SkanerOnline\mksbasej.dat
ID 117571584
   2006
Attempting to load base C:\Program Files\SkanerOnline\mksbasek.dat
ID 134283264
   2006
ID 151060480
   2006
Attempting to load base C:\Program Files\SkanerOnline\mksbasel.dat
ID 67239936
   2007
Attempting to load base C:\Program Files\SkanerOnline\mksbasem.dat
ID 50855936
   2010
Attempting to load base C:\Program Files\SkanerOnline\mksbasen.dat
ID 50921472
   2010
Attempting to load base C:\Program Files\SkanerOnline\mksbaseo.dat
ID 50987008
   2011
Attempting to load base C:\Program Files\SkanerOnline\mksbasep.dat
No chunks loaded!
Attempting to load base C:\Program Files\SkanerOnline\mksbaseq.dat
No chunks loaded!
Attempting to load base C:\Program Files\SkanerOnline\mksbaser.dat
No chunks loaded!
Attempting to load base C:\Program Files\SkanerOnline\mksbases.dat
No chunks loaded!
Attempting to load base C:\Program Files\SkanerOnline\mksbaset.dat
No chunks loaded!
Attempting to load base C:\Program Files\SkanerOnline\mksbaseu.dat
No chunks loaded!
Attempting to load base C:\Program Files\SkanerOnline\mksbasev.dat
No chunks loaded!
Attempting to load base C:\Program Files\SkanerOnline\mksbasew.dat
No chunks loaded!
Attempting to load base C:\Program Files\SkanerOnline\mksbasex.dat
No chunks loaded!
Attempting to load base C:\Program Files\SkanerOnline\mksbasey.dat
No chunks loaded!
Attempting to load base C:\Program Files\SkanerOnline\mksbasez.dat
No chunks loaded!
LoadBaseFiles OK
2005 11 16
2010 12 4
2006 2 2
2006 2 2
2005 11 15
2005 11 15
2010 12 25
2006 1 23
2006 1 23
2005 4 26
2006 1 23
2004 10 26
2006 1 23
2005 11 15
2006 1 23
2005 7 14
2006 1 23
2005 10 31
2006 1 23
2006 1 23
2006 1 23
2011 1 26
2008 7 30
2011 2 11
2006 1 23
2006 1 23
2006 3 1
2006 3 1
2007 2 1
2010 11 13
2010 12 27
2011 2 14
IChunkBase at 00C63B58
Attempting to load base C:\Program Files\SkanerOnline\mksbase0.dat
ID 16842752
   2005
Attempting to load base C:\Program Files\SkanerOnline\mksbase1.dat
ID 50397184
   2010
Attempting to load base C:\Program Files\SkanerOnline\mksbase2.dat
ID 83951616
   2006
ID 84017152
   2006
Attempting to load base C:\Program Files\SkanerOnline\mksbase3.dat
ID 16973824
   2005
ID 17039360
   2005
Attempting to load base C:\Program Files\SkanerOnline\mksbase4.dat
ID 50462720
   2010
Attempting to load base C:\Program Files\SkanerOnline\mksbase5.dat
ID 67174400
   2006
Attempting to load base C:\Program Files\SkanerOnline\mksbase6.dat
ID 34668544
   2006
ID 34734080
   2005
Attempting to load base C:\Program Files\SkanerOnline\mksbase7.dat
ID 34799616
   2006
ID 34865152
   2004
Attempting to load base C:\Program Files\SkanerOnline\mksbase8.dat
ID 34930688
   2006
ID 34996224
   2005
Attempting to load base C:\Program Files\SkanerOnline\mksbase9.dat
ID 35061760
   2006
ID 35127296
   2005
Attempting to load base C:\Program Files\SkanerOnline\mksbasea.dat
ID 35192832
   2006
ID 35258368
   2005
Attempting to load base C:\Program Files\SkanerOnline\mksbaseb.dat
ID 100728832
   2006
Attempting to load base C:\Program Files\SkanerOnline\mksbasec.dat
ID 16908288
   2006
Attempting to load base C:\Program Files\SkanerOnline\mksbased.dat
ID 50528256
   2006
Attempting to load base C:\Program Files\SkanerOnline\mksbasee.dat
ID 50593792
   2011
Attempting to load base C:\Program Files\SkanerOnline\mksbasef.dat
No chunks loaded!
Attempting to load base C:\Program Files\SkanerOnline\mksbaseg.dat
ID 50724864
   2008
Attempting to load base C:\Program Files\SkanerOnline\mksbaseh.dat
ID 50790400
   2011
Attempting to load base C:\Program Files\SkanerOnline\mksbasei.dat
ID 117506048
   2006
Attempting to load base C:\Program Files\SkanerOnline\mksbasej.dat
ID 117571584
   2006
Attempting to load base C:\Program Files\SkanerOnline\mksbasek.dat
ID 134283264
   2006
ID 151060480
   2006
Attempting to load base C:\Program Files\SkanerOnline\mksbasel.dat
ID 67239936
   2007
Attempting to load base C:\Program Files\SkanerOnline\mksbasem.dat
ID 50855936
   2010
Attempting to load base C:\Program Files\SkanerOnline\mksbasen.dat
ID 50921472
   2010
Attempting to load base C:\Program Files\SkanerOnline\mksbaseo.dat
ID 50987008
   2011
Attempting to load base C:\Program Files\SkanerOnline\mksbasep.dat
No chunks loaded!
Attempting to load base C:\Program Files\SkanerOnline\mksbaseq.dat
No chunks loaded!
Attempting to load base C:\Program Files\SkanerOnline\mksbaser.dat
No chunks loaded!
Attempting to load base C:\Program Files\SkanerOnline\mksbases.dat
No chunks loaded!
Attempting to load base C:\Program Files\SkanerOnline\mksbaset.dat
No chunks loaded!
Attempting to load base C:\Program Files\SkanerOnline\mksbaseu.dat
No chunks loaded!
Attempting to load base C:\Program Files\SkanerOnline\mksbasev.dat
No chunks loaded!
Attempting to load base C:\Program Files\SkanerOnline\mksbasew.dat
No chunks loaded!
Attempting to load base C:\Program Files\SkanerOnline\mksbasex.dat
No chunks loaded!
Attempting to load base C:\Program Files\SkanerOnline\mksbasey.dat
No chunks loaded!
Attempting to load base C:\Program Files\SkanerOnline\mksbasez.dat
No chunks loaded!
LoadBaseFiles OK
2005 11 16
2010 12 4
2006 2 2
2006 2 2
2005 11 15
2005 11 15
2010 12 25
2006 1 23
2006 1 23
2005 4 26
2006 1 23
2004 10 26
2006 1 23
2005 11 15
2006 1 23
2005 7 14
2006 1 23
2005 10 31
2006 1 23
2006 1 23
2006 1 23
2011 1 26
2008 7 30
2011 2 11
2006 1 23
2006 1 23
2006 3 1
2006 3 1
2007 2 1
2010 11 13
2010 12 27
2011 2 14
